<?xml version="1.0" ?>
<coverage line-rate="0.5" branch-rate="0.5" version="1.9" timestamp="1700000000">
  <sources>
    <source>/project</source>
  </sources>
  <packages>
    <package name="example" line-rate="0.5" branch-rate="0.5" complexity="0.0">
      <classes>
        <class name="Example" filename="src/example.cpp" line-rate="0.5" branch-rate="0.5" complexity="0.0">
          <methods>
            <method name="run" signature="()" line-rate="1.0" hits="3" line="8"/>
          </methods>
          <lines>
            <line number="10" hits="2" branch="true" condition-coverage="50% (1/2)">
              <conditions>
                <condition number="0" type="jump" coverage="50%"/>
                <condition number="1" type="jump" coverage="0%"/>
              </conditions>
            </line>
            <line number="11" hits="0" branch="false"/>
            <line number="12" hits="4" branch="false"/>
          </lines>
        </class>
      </classes>
    </package>
  </packages>
</coverage>
